<?xml version="1.0" encoding="UTF-8"?>
<testsuite xmlns:xsi="http://www.w3.org/2001/XMLSchema-instance" xsi:noNamespaceSchemaLocation="https://maven.apache.org/surefire/maven-surefire-plugin/xsd/surefire-test-report.xsd" version="3.0.2" name="miPrincipal.AppTest" time="0.142" tests="1" errors="0" skipped="0" failures="0">
  <properties>
[...]
</properties>
  <testcase name="testPOS" classname="miPrincipal.AppTest" time="0.021">
    <system-out><![CDATA[Capturo 1 articulo (COD=1) de a 100 pesos
Capturo 2 articulos (COD=2) de a 200 pesos
Capturo 1 articulo (COD=1) de a 100 pesos
Finalizo la venta...
Total de la venta...600.0
Pago con 650 pesos...
La feria es: ...50.0
]]></system-out>
  </testcase>
</testsuite>